TN:
SF:eslint.config.js
FN:1,(empty-report)
FNF:1
FNH:0
FNDA:0,(empty-report)
DA:1,0
DA:2,0
DA:3,0
DA:4,0
DA:5,0
DA:6,0
DA:8,0
DA:9,0
DA:10,0
DA:11,0
DA:12,0
DA:13,0
DA:14,0
DA:15,0
DA:16,0
DA:17,0
DA:18,0
DA:19,0
DA:20,0
DA:21,0
DA:22,0
DA:23,0
DA:24,0
DA:25,0
DA:26,0
DA:27,0
DA:28,0
DA:29,0
DA:30,0
DA:31,0
DA:32,0
DA:33,0
DA:34,0
DA:35,0
DA:36,0
DA:37,0
DA:38,0
DA:39,0
DA:40,0
DA:41,0
DA:42,0
DA:43,0
DA:44,0
DA:45,0
DA:46,0
DA:47,0
DA:48,0
DA:49,0
DA:50,0
DA:51,0
DA:52,0
DA:53,0
DA:54,0
DA:55,0
DA:56,0
DA:57,0
DA:58,0
DA:59,0
DA:60,0
DA:61,0
DA:62,0
DA:63,0
DA:64,0
DA:65,0
DA:66,0
DA:67,0
DA:68,0
DA:69,0
DA:70,0
DA:71,0
DA:72,0
DA:73,0
DA:74,0
LF:73
LH:0
BRDA:1,0,0,0
BRF:1
BRH:0
end_of_record
TN:
SF:vite.config.ts
FN:1,(empty-report)
FNF:1
FNH:0
FNDA:0,(empty-report)
DA:1,0
DA:2,0
DA:3,0
DA:6,0
DA:9,0
DA:10,0
DA:15,0
DA:17,0
DA:18,0
DA:19,0
DA:20,0
DA:21,0
DA:22,0
DA:23,0
DA:24,0
DA:25,0
DA:26,0
DA:27,0
DA:28,0
DA:30,0
DA:31,0
DA:32,0
DA:33,0
LF:23
LH:0
BRDA:1,0,0,0
BRF:1
BRH:0
end_of_record
TN:
SF:vitest.config.ts
FN:1,(empty-report)
FNF:1
FNH:0
FNDA:0,(empty-report)
DA:1,0
DA:2,0
DA:3,0
DA:5,0
DA:6,0
DA:7,0
DA:8,0
DA:9,0
DA:10,0
DA:11,0
DA:12,0
DA:13,0
DA:14,0
DA:15,0
DA:16,0
DA:17,0
DA:18,0
DA:19,0
DA:20,0
DA:21,0
DA:22,0
DA:23,0
DA:24,0
DA:25,0
DA:26,0
DA:27,0
DA:28,0
DA:29,0
DA:30,0
DA:31,0
DA:32,0
DA:33,0
DA:34,0
DA:35,0
DA:36,0
DA:37,0
DA:38,0
DA:39,0
LF:38
LH:0
BRDA:1,0,0,0
BRF:1
BRH:0
end_of_record
TN:
SF:src/App.tsx
FN:10,App
FN:104,setupGlobalDragListeners
FN:154,handleDownload
FN:171,handleDownloadAll
FN:191,handleRemoveImage
FN:196,handleCompress
FN:322,handleClear
FN:340,onConvertToWebPChange
FNF:8
FNH:2
FNDA:16,App
FNDA:16,setupGlobalDragListeners
FNDA:0,handleDownload
FNDA:0,handleDownloadAll
FNDA:0,handleRemoveImage
FNDA:0,handleCompress
FNDA:0,handleClear
FNDA:0,onConvertToWebPChange
DA:1,1
DA:2,1
DA:3,1
DA:4,1
DA:5,1
DA:6,1
DA:7,1
DA:10,16
DA:11,16
DA:12,16
DA:13,16
DA:14,16
DA:15,16
DA:18,16
DA:19,16
DA:20,16
DA:21,16
DA:22,16
DA:23,16
DA:26,16
DA:27,16
DA:28,0
DA:30,0
DA:31,0
DA:32,0
DA:33,0
DA:34,0
DA:35,0
DA:36,0
DA:37,0
DA:39,0
DA:40,0
DA:41,0
DA:42,0
DA:43,0
DA:44,0
DA:45,0
DA:46,0
DA:47,16
DA:48,16
DA:50,16
DA:51,16
DA:52,0
DA:55,0
DA:56,0
DA:57,0
DA:58,0
DA:61,0
DA:64,0
DA:65,0
DA:66,0
DA:67,0
DA:68,0
DA:69,0
DA:70,0
DA:71,0
DA:72,0
DA:73,0
DA:74,0
DA:75,0
DA:76,0
DA:77,0
DA:78,0
DA:80,0
DA:81,0
DA:82,0
DA:83,0
DA:84,0
DA:85,0
DA:86,0
DA:87,0
DA:88,0
DA:89,0
DA:90,0
DA:91,0
DA:94,0
DA:95,0
DA:96,0
DA:97,16
DA:98,16
DA:101,16
DA:102,16
DA:104,16
DA:106,16
DA:107,16
DA:108,0
DA:110,0
DA:111,0
DA:112,0
DA:113,0
DA:114,0
DA:115,0
DA:116,0
DA:119,0
DA:120,0
DA:121,0
DA:122,0
DA:124,0
DA:125,0
DA:127,0
DA:128,0
DA:129,0
DA:130,0
DA:131,0
DA:132,0
DA:133,0
DA:134,0
DA:135,0
DA:138,0
DA:139,0
DA:140,0
DA:141,0
DA:142,0
DA:143,0
DA:144,16
DA:145,16
DA:147,16
DA:149,16
DA:150,16
DA:151,16
DA:152,16
DA:154,16
DA:155,0
DA:156,0
DA:157,0
DA:158,0
DA:160,0
DA:161,0
DA:162,0
DA:163,0
DA:165,0
DA:166,0
DA:168,0
DA:169,0
DA:171,16
DA:172,0
DA:173,0
DA:175,0
DA:176,0
DA:177,0
DA:178,0
DA:180,0
DA:181,0
DA:182,0
DA:183,0
DA:185,0
DA:186,0
DA:188,0
DA:189,0
DA:191,16
DA:192,0
DA:193,0
DA:194,0
DA:196,16
DA:197,0
DA:199,0
DA:201,0
DA:202,0
DA:203,0
DA:205,0
DA:207,0
DA:208,0
DA:209,0
DA:212,0
DA:213,0
DA:214,0
DA:215,0
DA:216,0
DA:217,0
DA:218,0
DA:221,0
DA:222,0
DA:223,0
DA:224,0
DA:225,0
DA:226,0
DA:227,0
DA:228,0
DA:229,0
DA:230,0
DA:231,0
DA:232,0
DA:234,0
DA:235,0
DA:238,0
DA:239,0
DA:240,0
DA:241,0
DA:242,0
DA:243,0
DA:244,0
DA:246,0
DA:248,0
DA:249,0
DA:250,0
DA:251,0
DA:252,0
DA:253,0
DA:254,0
DA:255,0
DA:257,0
DA:258,0
DA:259,0
DA:260,0
DA:261,0
DA:263,0
DA:265,0
DA:266,0
DA:268,0
DA:270,0
DA:272,0
DA:273,0
DA:274,0
DA:275,0
DA:276,0
DA:277,0
DA:278,0
DA:279,0
DA:280,0
DA:281,0
DA:282,0
DA:283,0
DA:284,0
DA:285,0
DA:286,0
DA:287,0
DA:288,0
DA:290,0
DA:291,0
DA:292,0
DA:293,0
DA:294,0
DA:295,0
DA:296,0
DA:297,0
DA:298,0
DA:300,0
DA:301,0
DA:302,0
DA:303,0
DA:304,0
DA:305,0
DA:306,0
DA:308,0
DA:309,0
DA:310,0
DA:311,0
DA:313,0
DA:314,0
DA:315,0
DA:316,0
DA:317,0
DA:318,0
DA:319,0
DA:320,0
DA:322,16
DA:323,0
DA:324,0
DA:325,0
DA:327,16
DA:328,16
DA:329,16
DA:330,16
DA:332,0
DA:333,0
DA:334,0
DA:335,0
DA:336,0
DA:337,0
DA:338,0
DA:339,0
DA:340,0
DA:341,0
DA:342,0
DA:343,0
DA:344,0
DA:348,16
DA:349,16
DA:350,16
DA:351,16
DA:352,16
DA:353,16
DA:355,16
DA:357,1
LF:284
LH:56
BRDA:10,0,0,16
BRDA:330,1,0,0
BRDA:349,2,0,0
BRDA:101,3,0,16
BRDA:104,4,0,16
BRDA:149,5,0,16
BRDA:150,6,0,15
BRF:7
BRH:5
end_of_record
TN:
SF:src/components/atoms/Button.tsx
FN:9,Button
FNF:1
FNH:1
FNDA:27,Button
DA:9,1
DA:10,27
DA:11,27
DA:12,27
DA:13,27
DA:14,27
DA:15,27
DA:16,27
DA:17,27
DA:19,27
DA:20,27
DA:21,27
DA:22,27
DA:23,27
DA:24,27
DA:25,27
DA:27,27
DA:28,27
DA:29,27
DA:30,27
DA:31,27
DA:33,27
DA:35,27
DA:36,27
DA:37,27
DA:38,27
DA:40,27
DA:42,1
LF:28
LH:28
BRDA:9,0,0,27
BRF:1
BRH:1
end_of_record
TN:
SF:src/components/atoms/Icon.tsx
FN:9,Icon
FNF:1
FNH:1
FNDA:37,Icon
DA:9,1
DA:10,37
DA:11,37
DA:12,37
DA:13,37
DA:14,37
DA:15,37
DA:16,37
DA:18,37
DA:19,37
DA:20,37
DA:21,37
DA:22,37
DA:23,37
DA:25,37
DA:26,37
DA:27,37
DA:28,37
DA:29,37
DA:30,37
DA:32,37
DA:33,37
DA:34,37
DA:35,37
DA:36,37
DA:38,37
DA:39,37
DA:40,37
DA:41,37
DA:43,37
DA:45,37
DA:46,37
DA:47,37
DA:48,37
DA:49,37
DA:50,37
DA:51,37
DA:52,37
DA:53,37
DA:55,37
DA:56,37
DA:58,37
DA:60,1
LF:43
LH:43
BRDA:9,0,0,37
BRF:1
BRH:1
end_of_record
TN:
SF:src/components/atoms/Spinner.tsx
FN:8,Spinner
FNF:1
FNH:0
FNDA:0,Spinner
DA:8,1
DA:9,0
DA:10,0
DA:11,0
DA:12,0
DA:13,0
DA:15,0
DA:17,0
DA:18,0
DA:20,1
LF:10
LH:2
BRF:0
BRH:0
end_of_record
TN:
SF:src/components/atoms/index.ts
FN:1,(empty-report)
FNF:1
FNH:0
FNDA:0,(empty-report)
DA:1,0
DA:2,0
DA:3,0
LF:3
LH:0
BRDA:1,0,0,0
BRF:1
BRH:0
end_of_record
TN:
SF:src/components/molecules/FileUpload.tsx
FN:12,FileUpload
FN:20,handleClick
FN:25,handleFileChange
FNF:3
FNH:2
FNDA:21,FileUpload
FNDA:0,handleClick
FNDA:4,handleFileChange
DA:1,1
DA:2,1
DA:3,1
DA:12,1
DA:13,21
DA:14,21
DA:15,21
DA:16,21
DA:17,21
DA:18,21
DA:20,21
DA:21,0
DA:22,0
DA:23,0
DA:25,21
DA:26,4
DA:27,4
DA:28,4
DA:29,4
DA:30,4
DA:31,4
DA:32,2
DA:33,2
DA:34,2
DA:35,2
DA:36,2
DA:37,4
DA:39,21
DA:40,21
DA:41,21
DA:42,21
DA:43,21
DA:44,21
DA:45,21
DA:46,21
DA:47,21
DA:48,21
DA:49,21
DA:50,21
DA:52,21
DA:53,21
DA:55,21
DA:57,1
LF:43
LH:40
BRDA:12,0,0,21
BRDA:25,1,0,4
BRDA:29,2,0,2
BRDA:29,3,0,2
BRDA:31,4,0,2
BRF:5
BRH:5
end_of_record
TN:
SF:src/components/molecules/ImageCard.tsx
FN:14,ImageCard
FNF:1
FNH:0
FNDA:0,ImageCard
DA:2,1
DA:3,1
DA:14,1
DA:15,0
DA:16,0
DA:17,0
DA:18,0
DA:19,0
DA:20,0
DA:21,0
DA:22,0
DA:23,0
DA:24,0
DA:25,0
DA:26,0
DA:27,0
DA:29,0
DA:30,0
DA:31,0
DA:32,0
DA:33,0
DA:34,0
DA:35,0
DA:36,0
DA:37,0
DA:38,0
DA:40,0
DA:41,0
DA:42,0
DA:43,0
DA:44,0
DA:47,0
DA:48,0
DA:51,0
DA:52,0
DA:53,0
DA:54,0
DA:55,0
DA:56,0
DA:57,0
DA:60,0
DA:61,0
DA:62,0
DA:63,0
DA:65,0
DA:66,0
DA:69,0
DA:70,0
DA:71,0
DA:74,0
DA:75,0
DA:76,0
DA:77,0
DA:78,0
DA:79,0
DA:80,0
DA:81,0
DA:83,0
DA:84,0
DA:85,0
DA:86,0
DA:87,0
DA:88,0
DA:89,0
DA:92,0
DA:93,0
DA:94,0
DA:95,0
DA:96,0
DA:97,0
DA:98,0
DA:99,0
DA:100,0
DA:101,0
DA:105,0
DA:106,0
DA:108,0
DA:110,0
DA:112,0
DA:113,0
DA:114,0
DA:115,0
DA:117,0
DA:118,0
DA:121,0
DA:122,0
DA:123,0
DA:124,0
DA:125,0
DA:126,0
DA:127,0
DA:128,0
DA:129,0
DA:130,0
DA:131,0
DA:132,0
DA:133,0
DA:134,0
DA:136,0
DA:138,0
DA:140,0
DA:143,0
DA:144,0
DA:145,0
DA:146,0
DA:149,0
DA:150,0
DA:151,0
DA:152,0
DA:153,0
DA:154,0
DA:155,0
DA:156,0
DA:158,0
DA:160,0
DA:162,0
DA:163,0
DA:165,0
DA:167,1
LF:119
LH:4
BRF:0
BRH:0
end_of_record
TN:
SF:src/components/molecules/ImagePreview.tsx
FN:1,(empty-report)
FNF:1
FNH:1
FNDA:1,(empty-report)
DA:2,0
DA:3,0
DA:19,0
DA:20,0
DA:21,0
DA:22,0
DA:23,0
DA:24,0
DA:25,0
DA:26,0
DA:27,0
DA:28,0
DA:29,0
DA:30,0
DA:32,0
DA:33,0
DA:34,0
DA:37,0
DA:38,0
DA:39,0
DA:40,0
DA:41,0
DA:42,0
DA:43,0
DA:46,0
DA:47,0
DA:48,0
DA:49,0
DA:50,0
DA:51,0
DA:52,0
DA:53,0
DA:54,0
DA:55,0
DA:56,0
DA:57,0
DA:58,0
DA:59,0
DA:62,0
DA:63,0
DA:65,0
DA:66,0
DA:68,0
DA:70,0
LF:44
LH:0
BRDA:1,0,0,1
BRF:1
BRH:1
end_of_record
TN:
SF:src/components/molecules/ProgressOverlay.tsx
FN:10,ProgressOverlay
FNF:1
FNH:1
FNDA:16,ProgressOverlay
DA:2,1
DA:10,1
DA:11,16
DA:12,16
DA:13,16
DA:14,16
DA:15,16
DA:17,0
DA:18,0
DA:19,0
DA:20,0
DA:21,0
DA:22,0
DA:23,0
DA:24,0
DA:26,0
DA:27,0
DA:28,0
DA:29,0
DA:30,0
DA:31,0
DA:32,0
DA:35,16
DA:36,0
DA:38,16
DA:39,16
DA:41,16
DA:43,1
LF:28
LH:12
BRDA:10,0,0,16
BRDA:15,1,0,0
BRDA:35,2,0,0
BRF:3
BRH:1
end_of_record
TN:
SF:src/components/molecules/index.ts
FN:1,(empty-report)
FNF:1
FNH:0
FNDA:0,(empty-report)
DA:1,0
DA:2,0
DA:3,0
LF:3
LH:0
BRDA:1,0,0,0
BRF:1
BRH:0
end_of_record
TN:
SF:src/components/organisms/DropZone.tsx
FN:17,DropZone
FN:28,handleDragEnter
FN:34,handleDragOver
FN:39,handleDragLeave
FN:48,handleDrop
FN:72,reader.onload
FN:100,getAcceptedFormats
FNF:7
FNH:3
FNDA:16,DropZone
FNDA:0,handleDragEnter
FNDA:0,handleDragOver
FNDA:0,handleDragLeave
FNDA:0,handleDrop
FNDA:1,reader.onload
FNDA:16,getAcceptedFormats
DA:1,1
DA:2,1
DA:3,1
DA:4,1
DA:17,1
DA:18,16
DA:19,16
DA:20,16
DA:21,16
DA:22,16
DA:28,16
DA:29,0
DA:30,0
DA:31,0
DA:32,0
DA:34,16
DA:35,0
DA:36,0
DA:37,0
DA:39,16
DA:40,0
DA:41,0
DA:43,0
DA:44,0
DA:45,0
DA:46,0
DA:48,16
DA:49,0
DA:50,0
DA:51,0
DA:53,0
DA:55,16
DA:56,16
DA:57,1
DA:58,1
DA:59,16
DA:60,16
DA:62,16
DA:63,16
DA:64,1
DA:65,1
DA:66,1
DA:68,1
DA:69,1
DA:70,1
DA:71,1
DA:72,1
DA:73,1
DA:74,1
DA:75,1
DA:76,1
DA:77,1
DA:78,1
DA:79,1
DA:80,1
DA:81,1
DA:83,1
DA:84,1
DA:86,0
DA:87,0
DA:88,0
DA:89,0
DA:90,0
DA:91,0
DA:92,1
DA:93,1
DA:94,1
DA:95,1
DA:96,1
DA:97,16
DA:98,16
DA:100,16
DA:101,16
DA:102,16
DA:104,16
DA:105,16
DA:106,16
DA:109,16
DA:110,0
DA:111,16
DA:112,16
DA:113,16
DA:115,16
DA:116,16
DA:117,16
DA:118,16
DA:120,16
DA:122,16
DA:123,16
DA:124,16
DA:126,16
DA:127,16
DA:128,16
DA:130,16
DA:131,16
DA:133,16
DA:135,1
LF:97
LH:73
BRDA:17,0,0,16
BRDA:109,1,0,0
BRDA:123,2,0,0
BRDA:127,3,0,0
BRDA:56,4,0,1
BRDA:57,5,0,1
BRDA:63,6,0,1
BRDA:84,7,0,0
BRDA:69,8,0,1
BRDA:71,9,0,1
BRDA:72,10,0,1
BRDA:100,11,0,16
BRDA:101,12,0,48
BRF:13
BRH:9
end_of_record
TN:
SF:src/components/organisms/Header.tsx
FN:9,Header
FNF:1
FNH:1
FNDA:16,Header
DA:9,1
DA:10,16
DA:11,16
DA:12,16
DA:13,16
DA:14,16
DA:15,16
DA:16,16
DA:18,16
DA:19,16
DA:20,16
DA:21,16
DA:22,16
DA:23,16
DA:24,16
DA:26,16
DA:28,1
LF:17
LH:17
BRDA:9,0,0,16
BRF:1
BRH:1
end_of_record
TN:
SF:src/components/organisms/ImageList.tsx
FN:1,(empty-report)
FNF:1
FNH:1
FNDA:1,(empty-report)
DA:2,0
DA:3,0
DA:4,0
DA:22,0
DA:23,0
DA:24,0
DA:25,0
DA:26,0
DA:27,0
DA:28,0
DA:29,0
DA:30,0
DA:31,0
DA:33,0
DA:34,0
DA:35,0
DA:36,0
DA:37,0
DA:38,0
DA:39,0
DA:40,0
DA:41,0
DA:42,0
DA:43,0
DA:44,0
DA:45,0
DA:47,0
DA:48,0
DA:49,0
DA:50,0
DA:51,0
DA:52,0
DA:53,0
DA:55,0
DA:56,0
DA:57,0
DA:58,0
DA:59,0
DA:60,0
DA:61,0
DA:62,0
DA:63,0
DA:64,0
DA:65,0
DA:67,0
DA:69,0
DA:70,0
DA:72,0
DA:73,0
DA:74,0
DA:75,0
DA:76,0
DA:77,0
DA:78,0
DA:79,0
DA:80,0
DA:81,0
DA:82,0
DA:83,0
DA:85,0
DA:86,0
DA:87,0
DA:88,0
DA:90,0
DA:92,0
DA:93,0
DA:95,0
DA:96,0
DA:97,0
DA:100,0
DA:101,0
DA:102,0
DA:103,0
DA:104,0
DA:105,0
DA:106,0
DA:107,0
DA:108,0
DA:109,0
DA:111,0
DA:113,0
LF:81
LH:0
BRDA:1,0,0,1
BRF:1
BRH:1
end_of_record
TN:
SF:src/components/organisms/PendingImageList.tsx
FN:1,(empty-report)
FNF:1
FNH:1
FNDA:1,(empty-report)
DA:2,0
DA:3,0
DA:25,0
DA:26,0
DA:27,0
DA:28,0
DA:29,0
DA:30,0
DA:31,0
DA:32,0
DA:33,0
DA:34,0
DA:35,0
DA:36,0
DA:37,0
DA:38,0
DA:39,0
DA:40,0
DA:41,0
DA:42,0
DA:44,0
DA:47,0
DA:48,0
DA:51,0
DA:52,0
DA:54,0
DA:55,0
DA:56,0
DA:57,0
DA:58,0
DA:59,0
DA:60,0
DA:61,0
DA:63,0
DA:64,0
DA:65,0
DA:66,0
DA:67,0
DA:68,0
DA:69,0
DA:70,0
DA:72,0
DA:73,0
DA:75,0
DA:76,0
DA:77,0
DA:78,0
DA:80,0
DA:81,0
DA:82,0
DA:83,0
DA:84,0
DA:87,0
DA:89,0
DA:90,0
DA:91,0
DA:92,0
DA:93,0
DA:94,0
DA:95,0
DA:96,0
DA:97,0
DA:98,0
DA:99,0
DA:100,0
DA:101,0
DA:102,0
DA:103,0
DA:104,0
DA:105,0
DA:106,0
DA:107,0
DA:108,0
DA:110,0
DA:112,0
DA:115,0
DA:116,0
DA:118,0
DA:119,0
DA:120,0
DA:121,0
DA:122,0
DA:123,0
DA:124,0
DA:125,0
DA:126,0
DA:127,0
DA:128,0
DA:129,0
DA:132,0
DA:133,0
DA:134,0
DA:135,0
DA:136,0
DA:137,0
DA:138,0
DA:139,0
DA:140,0
DA:141,0
DA:142,0
DA:143,0
DA:144,0
DA:145,0
DA:146,0
DA:147,0
DA:148,0
DA:149,0
DA:150,0
DA:151,0
DA:154,0
DA:155,0
DA:157,0
DA:158,0
DA:159,0
DA:160,0
DA:161,0
DA:162,0
DA:163,0
DA:164,0
DA:165,0
DA:166,0
DA:167,0
DA:168,0
DA:172,0
DA:173,0
DA:174,0
DA:175,0
DA:176,0
DA:178,0
DA:180,0
DA:182,0
DA:183,0
DA:184,0
DA:185,0
DA:187,0
DA:188,0
DA:189,0
DA:190,0
DA:191,0
DA:192,0
DA:193,0
DA:196,0
DA:197,0
DA:198,0
DA:199,0
DA:200,0
DA:202,0
DA:204,0
DA:205,0
DA:206,0
DA:207,0
DA:208,0
DA:209,0
DA:210,0
DA:213,0
DA:214,0
DA:215,0
DA:216,0
DA:217,0
DA:218,0
DA:219,0
DA:220,0
DA:221,0
DA:222,0
DA:223,0
DA:226,0
DA:227,0
DA:228,0
DA:229,0
DA:230,0
DA:231,0
DA:232,0
DA:233,0
DA:234,0
DA:235,0
DA:236,0
DA:237,0
DA:238,0
DA:240,0
DA:242,0
DA:244,0
DA:245,0
DA:246,0
DA:247,0
DA:248,0
DA:249,0
DA:250,0
DA:252,0
DA:254,0
LF:189
LH:0
BRDA:1,0,0,1
BRF:1
BRH:1
end_of_record
TN:
SF:src/components/organisms/UnifiedImageList.tsx
FN:22,UnifiedImageList
FNF:1
FNH:0
FNDA:0,UnifiedImageList
DA:2,1
DA:3,1
DA:4,1
DA:22,1
DA:23,0
DA:24,0
DA:25,0
DA:26,0
DA:27,0
DA:28,0
DA:29,0
DA:30,0
DA:31,0
DA:32,0
DA:33,0
DA:34,0
DA:35,0
DA:36,0
DA:37,0
DA:38,0
DA:39,0
DA:40,0
DA:41,0
DA:42,0
DA:45,0
DA:46,0
DA:47,0
DA:48,0
DA:49,0
DA:52,0
DA:53,0
DA:55,0
DA:56,0
DA:57,0
DA:59,0
DA:60,0
DA:62,0
DA:63,0
DA:64,0
DA:65,0
DA:66,0
DA:67,0
DA:68,0
DA:69,0
DA:70,0
DA:71,0
DA:72,0
DA:73,0
DA:74,0
DA:76,0
DA:77,0
DA:79,0
DA:80,0
DA:82,0
DA:83,0
DA:86,0
DA:87,0
DA:89,0
DA:90,0
DA:91,0
DA:92,0
DA:95,0
DA:96,0
DA:97,0
DA:98,0
DA:99,0
DA:100,0
DA:101,0
DA:102,0
DA:103,0
DA:104,0
DA:105,0
DA:106,0
DA:108,0
DA:109,0
DA:110,0
DA:111,0
DA:112,0
DA:113,0
DA:114,0
DA:115,0
DA:116,0
DA:117,0
DA:120,0
DA:121,0
DA:123,0
DA:124,0
DA:125,0
DA:126,0
DA:127,0
DA:128,0
DA:129,0
DA:130,0
DA:132,0
DA:133,0
DA:134,0
DA:135,0
DA:138,0
DA:139,0
DA:141,0
DA:143,0
DA:146,0
DA:147,0
DA:148,0
DA:149,0
DA:150,0
DA:151,0
DA:152,0
DA:153,0
DA:154,0
DA:155,0
DA:156,0
DA:157,0
DA:158,0
DA:160,0
DA:161,0
DA:162,0
DA:163,0
DA:164,0
DA:165,0
DA:166,0
DA:167,0
DA:168,0
DA:169,0
DA:172,0
DA:173,0
DA:175,0
DA:176,0
DA:177,0
DA:178,0
DA:179,0
DA:180,0
DA:181,0
DA:182,0
DA:183,0
DA:184,0
DA:185,0
DA:186,0
DA:188,0
DA:191,0
DA:192,0
DA:193,0
DA:195,0
DA:197,0
DA:198,0
DA:199,0
DA:200,0
DA:201,0
DA:203,0
DA:204,0
DA:205,0
DA:206,0
DA:207,0
DA:210,0
DA:211,0
DA:212,0
DA:213,0
DA:214,0
DA:216,0
DA:217,0
DA:219,0
DA:220,0
DA:223,0
DA:224,0
DA:225,0
DA:226,0
DA:227,0
DA:228,0
DA:229,0
DA:230,0
DA:231,0
DA:232,0
DA:233,0
DA:234,0
DA:235,0
DA:236,0
DA:237,0
DA:238,0
DA:239,0
DA:240,0
DA:242,0
DA:243,0
DA:245,0
DA:246,0
DA:247,0
DA:248,0
DA:249,0
DA:252,0
DA:253,0
DA:254,0
DA:255,0
DA:257,0
DA:258,0
DA:260,0
DA:261,0
DA:262,0
DA:263,0
DA:264,0
DA:265,0
DA:266,0
DA:268,0
DA:269,0
DA:271,0
DA:272,0
DA:273,0
DA:275,0
DA:277,0
DA:279,1
LF:208
LH:5
BRF:0
BRH:0
end_of_record
TN:
SF:src/components/templates/AppLayout.tsx
FN:9,AppLayout
FNF:1
FNH:1
FNDA:16,AppLayout
DA:2,1
DA:9,1
DA:10,16
DA:11,16
DA:12,16
DA:14,16
DA:15,16
DA:17,16
DA:19,1
LF:9
LH:9
BRDA:9,0,0,16
BRF:1
BRH:1
end_of_record
TN:
SF:src/domain/entities/CompressionSettings.ts
FN:7,CompressionSettings
FN:9,createDefault
FN:18,fromPartial
FN:27,get keepOriginalFormat
FN:31,get lossyMode
FN:35,get quality
FN:39,get outputFormat
FN:43,get convertToWebP
FN:47,get data
FN:52,withKeepOriginalFormat
FN:59,withLossyMode
FN:66,withQuality
FN:74,withOutputFormat
FN:82,shouldConvertToWebP
FN:86,getQualityForFormat
FN:98,getOutputFormatForImage
FN:114,isValid
FN:123,equals
FN:133,toJSON
FN:137,toString
FNF:20
FNH:16
FNDA:56,CompressionSettings
FNDA:44,createDefault
FNDA:2,fromPartial
FNDA:1,get keepOriginalFormat
FNDA:12,get lossyMode
FNDA:4,get quality
FNDA:1,get outputFormat
FNDA:4,get convertToWebP
FNDA:0,get data
FNDA:4,withKeepOriginalFormat
FNDA:2,withLossyMode
FNDA:4,withQuality
FNDA:0,withOutputFormat
FNDA:27,shouldConvertToWebP
FNDA:3,getQualityForFormat
FNDA:6,getOutputFormatForImage
FNDA:1,isValid
FNDA:2,equals
FNDA:0,toJSON
FNDA:0,toString
DA:6,1
DA:7,1
DA:9,1
DA:10,44
DA:11,44
DA:12,44
DA:13,44
DA:14,44
DA:15,44
DA:16,44
DA:18,1
DA:19,2
DA:20,2
DA:21,2
DA:22,2
DA:23,2
DA:24,2
DA:27,1
DA:28,1
DA:29,1
DA:31,1
DA:32,12
DA:33,12
DA:35,1
DA:36,4
DA:37,4
DA:39,1
DA:40,1
DA:41,1
DA:43,1
DA:44,4
DA:45,4
DA:47,1
DA:48,0
DA:49,0
DA:52,1
DA:53,4
DA:54,4
DA:55,4
DA:56,4
DA:57,4
DA:59,1
DA:60,2
DA:61,2
DA:62,2
DA:63,2
DA:64,2
DA:66,1
DA:67,4
DA:68,4
DA:69,4
DA:70,4
DA:71,4
DA:72,4
DA:74,1
DA:75,0
DA:76,0
DA:77,0
DA:78,0
DA:79,0
DA:82,1
DA:83,27
DA:84,27
DA:86,1
DA:87,3
DA:89,3
DA:90,3
DA:91,3
DA:92,0
DA:93,0
DA:94,0
DA:95,0
DA:96,3
DA:98,1
DA:99,6
DA:100,4
DA:101,4
DA:103,2
DA:104,2
DA:105,3
DA:106,6
DA:107,6
DA:108,6
DA:109,6
DA:110,6
DA:111,6
DA:114,1
DA:115,1
DA:116,1
DA:117,1
DA:118,1
DA:120,1
DA:123,1
DA:124,2
DA:125,2
DA:126,2
DA:127,2
DA:128,1
DA:130,2
DA:133,1
DA:134,0
DA:135,0
DA:137,1
DA:138,0
DA:139,0
DA:140,0
DA:141,0
DA:142,1
LF:108
LH:91
BRDA:7,0,0,56
BRDA:9,1,0,44
BRDA:18,2,0,2
BRDA:27,3,0,1
BRDA:31,4,0,12
BRDA:35,5,0,4
BRDA:39,6,0,1
BRDA:43,7,0,4
BRDA:52,8,0,4
BRDA:59,9,0,2
BRDA:66,10,0,4
BRDA:82,11,0,27
BRDA:86,12,0,3
BRDA:90,13,0,0
BRDA:91,14,0,0
BRDA:98,15,0,6
BRDA:99,16,0,4
BRDA:101,17,0,3
BRDA:101,18,0,2
BRDA:105,19,0,1
BRDA:106,20,0,0
BRDA:107,21,0,0
BRDA:108,22,0,1
BRDA:109,23,0,0
BRDA:114,24,0,1
BRDA:123,25,0,2
BRDA:127,26,0,1
BRF:27
BRH:22
end_of_record
TN:
SF:src/domain/entities/Image.ts
FN:16,Image
FN:19,createPending
FN:32,fromData
FN:37,get id
FN:41,get name
FN:45,get status
FN:49,get format
FN:53,get originalSize
FN:57,get data
FN:62,toProcessing
FN:81,updateProgress
FN:94,toCompleted
FN:120,isPending
FN:124,isProcessing
FN:128,isCompleted
FN:132,getEstimatedCompressedSize
FN:141,getCompressionEstimation
FN:164,formatFileSize
FN:172,getFormattedOriginalSize
FN:176,getFormattedCompressedSize
FNF:20
FNH:15
FNDA:28,Image
FNDA:21,createPending
FNDA:0,fromData
FNDA:4,get id
FNDA:8,get name
FNDA:5,get status
FNDA:10,get format
FNDA:3,get originalSize
FNDA:3,get data
FNDA:6,toProcessing
FNDA:0,updateProgress
FNDA:1,toCompleted
FNDA:7,isPending
FNDA:2,isProcessing
FNDA:1,isCompleted
FNDA:0,getEstimatedCompressedSize
FNDA:0,getCompressionEstimation
FNDA:1,formatFileSize
FNDA:1,getFormattedOriginalSize
FNDA:0,getFormattedCompressedSize
DA:1,1
DA:15,1
DA:16,1
DA:19,1
DA:20,21
DA:21,21
DA:22,21
DA:23,21
DA:24,21
DA:25,21
DA:26,21
DA:27,21
DA:28,21
DA:29,21
DA:30,21
DA:32,1
DA:33,0
DA:34,0
DA:37,1
DA:38,4
DA:39,4
DA:41,1
DA:42,8
DA:43,8
DA:45,1
DA:46,5
DA:47,5
DA:49,1
DA:50,10
DA:51,10
DA:53,1
DA:54,3
DA:55,3
DA:57,1
DA:58,3
DA:59,3
DA:62,1
DA:63,6
DA:64,0
DA:65,0
DA:67,6
DA:68,6
DA:69,6
DA:70,6
DA:71,6
DA:72,6
DA:73,6
DA:74,6
DA:75,6
DA:76,6
DA:78,6
DA:79,6
DA:81,1
DA:82,0
DA:83,0
DA:84,0
DA:86,0
DA:87,0
DA:88,0
DA:89,0
DA:91,0
DA:92,0
DA:94,1
DA:95,1
DA:96,0
DA:97,0
DA:99,1
DA:100,1
DA:101,1
DA:103,1
DA:104,1
DA:105,1
DA:106,1
DA:107,1
DA:108,1
DA:109,1
DA:110,1
DA:111,1
DA:112,1
DA:113,1
DA:114,1
DA:116,1
DA:117,1
DA:120,1
DA:121,7
DA:122,7
DA:124,1
DA:125,2
DA:126,2
DA:128,1
DA:129,1
DA:130,1
DA:132,1
DA:133,0
DA:134,0
DA:135,0
DA:137,0
DA:138,0
DA:139,0
DA:141,1
DA:142,0
DA:144,0
DA:146,0
DA:147,0
DA:148,0
DA:149,0
DA:150,0
DA:151,0
DA:152,0
DA:154,0
DA:155,0
DA:156,0
DA:157,0
DA:158,0
DA:159,0
DA:160,0
DA:161,0
DA:164,1
DA:165,1
DA:166,1
DA:167,1
DA:168,1
DA:169,1
DA:170,1
DA:172,1
DA:173,1
DA:174,1
DA:176,1
DA:177,0
DA:178,0
DA:179,0
DA:180,0
DA:181,0
DA:182,1
LF:134
LH:91
BRDA:16,0,0,28
BRDA:19,1,0,21
BRDA:37,2,0,4
BRDA:41,3,0,8
BRDA:45,4,0,5
BRDA:49,5,0,10
BRDA:53,6,0,3
BRDA:57,7,0,3
BRDA:62,8,0,6
BRDA:63,9,0,0
BRDA:94,10,0,1
BRDA:95,11,0,0
BRDA:120,12,0,7
BRDA:124,13,0,2
BRDA:128,14,0,1
BRDA:164,15,0,1
BRDA:165,16,0,0
BRDA:172,17,0,1
BRF:18
BRH:15
end_of_record
TN:
SF:src/domain/schemas/compressionSchemas.ts
FN:1,(empty-report)
FNF:1
FNH:0
FNDA:0,(empty-report)
DA:1,0
DA:4,0
DA:7,0
DA:8,0
DA:9,0
DA:10,0
DA:11,0
DA:12,0
DA:15,0
DA:16,0
DA:17,0
DA:18,0
DA:19,0
DA:22,0
DA:23,0
DA:24,0
DA:25,0
DA:26,0
DA:27,0
DA:30,0
DA:31,0
DA:32,0
DA:33,0
DA:34,0
DA:35,0
DA:45,0
DA:46,0
DA:47,0
DA:48,0
DA:49,0
DA:50,0
LF:31
LH:0
BRDA:1,0,0,0
BRF:1
BRH:0
end_of_record
TN:
SF:src/domain/schemas/imageSchemas.ts
FNF:0
FNH:0
DA:1,1
DA:4,1
DA:5,1
DA:6,1
DA:7,1
DA:8,1
DA:9,1
DA:10,1
DA:11,1
DA:14,1
DA:15,1
DA:16,1
DA:17,1
DA:20,1
DA:21,1
DA:22,1
DA:23,1
DA:25,1
DA:26,1
DA:27,1
DA:28,1
DA:30,1
DA:31,1
DA:32,1
DA:33,1
DA:34,1
DA:35,1
DA:38,1
DA:39,1
DA:40,1
DA:41,1
DA:42,1
DA:45,1
DA:46,1
DA:47,1
DA:48,1
DA:60,1
DA:61,1
DA:62,1
DA:63,1
DA:64,1
LF:41
LH:41
BRF:0
BRH:0
end_of_record
TN:
SF:src/domain/services/ImageCompressionService.ts
FN:10,ImageCompressionService
FN:23,processDroppedFiles
FN:60,processFilePaths
FN:79,compressImage
FN:112,compressImages
FN:155,downloadImage
FN:166,downloadAllImages
FN:182,calculateStats
FN:223,getEstimationForFormat
FNF:9
FNH:6
FNDA:22,ImageCompressionService
FNDA:8,processDroppedFiles
FNDA:2,processFilePaths
FNDA:4,compressImage
FNDA:0,compressImages
FNDA:0,downloadImage
FNDA:0,downloadAllImages
FNDA:6,calculateStats
FNDA:16,getEstimationForFormat
DA:1,1
DA:9,1
DA:10,1
DA:11,22
DA:18,22
DA:23,1
DA:24,8
DA:26,8
DA:27,10
DA:28,10
DA:29,10
DA:32,10
DA:34,10
DA:36,10
DA:37,10
DA:38,10
DA:39,10
DA:40,10
DA:41,10
DA:42,10
DA:43,10
DA:44,10
DA:45,10
DA:47,10
DA:48,10
DA:49,0
DA:51,0
DA:52,10
DA:54,8
DA:55,8
DA:60,1
DA:61,2
DA:63,2
DA:64,3
DA:65,3
DA:66,2
DA:67,3
DA:68,1
DA:70,1
DA:71,3
DA:73,2
DA:74,2
DA:79,1
DA:80,4
DA:81,1
DA:82,1
DA:84,3
DA:86,3
DA:87,3
DA:88,3
DA:90,3
DA:91,3
DA:92,3
DA:93,3
DA:94,3
DA:96,3
DA:98,4
DA:99,1
DA:100,1
DA:101,1
DA:102,1
DA:103,4
DA:104,2
DA:105,2
DA:106,2
DA:107,4
DA:112,1
DA:113,0
DA:114,0
DA:115,0
DA:120,0
DA:121,0
DA:122,0
DA:124,0
DA:125,0
DA:127,0
DA:128,0
DA:129,0
DA:130,0
DA:132,0
DA:133,0
DA:136,0
DA:137,0
DA:139,0
DA:141,0
DA:142,0
DA:143,0
DA:144,0
DA:145,0
DA:146,0
DA:147,0
DA:149,0
DA:150,0
DA:155,1
DA:156,0
DA:157,0
DA:158,0
DA:160,0
DA:161,0
DA:166,1
DA:167,0
DA:168,0
DA:169,0
DA:170,0
DA:172,0
DA:173,0
DA:174,0
DA:176,0
DA:177,0
DA:182,1
DA:190,6
DA:191,6
DA:192,6
DA:193,6
DA:194,6
DA:195,6
DA:196,6
DA:197,6
DA:198,6
DA:199,6
DA:201,6
DA:202,0
DA:204,0
DA:205,0
DA:206,0
DA:207,0
DA:208,0
DA:209,0
DA:210,0
DA:211,0
DA:212,0
DA:214,6
DA:215,0
DA:216,0
DA:217,0
DA:218,0
DA:220,6
DA:221,6
DA:223,1
DA:224,16
DA:226,16
DA:227,14
DA:228,8
DA:229,14
DA:230,3
DA:231,3
DA:232,3
DA:233,16
DA:235,2
DA:236,1
DA:237,1
DA:238,1
DA:239,1
DA:240,0
DA:241,0
DA:242,16
DA:243,1
LF:157
LH:99
BRDA:10,0,0,22
BRDA:23,1,0,8
BRDA:26,2,0,10
BRDA:28,3,0,0
BRDA:29,4,0,0
BRDA:48,5,0,0
BRDA:60,6,0,2
BRDA:63,7,0,3
BRDA:65,8,0,2
BRDA:67,9,0,1
BRDA:79,10,0,4
BRDA:80,11,0,1
BRDA:82,12,0,3
BRDA:96,13,0,2
BRDA:98,14,0,1
BRDA:98,15,0,1
BRDA:101,16,0,0
BRDA:103,17,0,2
BRDA:182,18,0,6
BRDA:201,19,0,0
BRDA:214,20,0,0
BRDA:223,21,0,16
BRDA:226,22,0,14
BRDA:227,23,0,8
BRDA:228,24,0,7
BRDA:228,25,0,1
BRDA:229,26,0,6
BRDA:229,27,0,3
BRDA:231,28,0,3
BRDA:233,29,0,2
BRDA:235,30,0,1
BRDA:239,31,0,0
BRF:32
BRH:25
end_of_record
TN:
SF:src/domain/services/ImageManagementService.ts
FN:10,ImageManagementService
FN:15,handleFileSelection
FN:47,handleExternalDrop
FN:64,startCompression
FN:119,downloadImage
FN:126,downloadAllImages
FN:133,removeImage
FN:140,clearAllImages
FN:147,getStats
FN:154,filterImagesByStatus
FN:161,hasImagesWithStatus
FN:168,fileToDataURL
FN:171,reader.onload
FNF:13
FNH:8
FNDA:15,ImageManagementService
FNDA:5,handleFileSelection
FNDA:4,handleExternalDrop
FNDA:0,startCompression
FNDA:0,downloadImage
FNDA:0,downloadAllImages
FNDA:0,removeImage
FNDA:1,clearAllImages
FNDA:6,getStats
FNDA:18,filterImagesByStatus
FNDA:0,hasImagesWithStatus
FNDA:5,fileToDataURL
FNDA:5,reader.onload
DA:9,1
DA:10,1
DA:15,1
DA:16,5
DA:18,5
DA:19,7
DA:20,5
DA:22,5
DA:23,2
DA:24,2
DA:27,3
DA:28,3
DA:29,5
DA:30,5
DA:31,5
DA:32,5
DA:33,5
DA:34,3
DA:35,3
DA:37,3
DA:38,5
DA:39,0
DA:40,0
DA:41,0
DA:42,5
DA:47,1
DA:49,4
DA:50,4
DA:51,11
DA:52,4
DA:54,4
DA:55,1
DA:56,1
DA:58,3
DA:59,4
DA:64,1
DA:65,0
DA:66,0
DA:67,0
DA:73,0
DA:74,0
DA:75,0
DA:77,0
DA:78,0
DA:79,0
DA:81,0
DA:82,0
DA:84,0
DA:85,0
DA:86,0
DA:87,0
DA:89,0
DA:90,0
DA:92,0
DA:95,0
DA:96,0
DA:98,0
DA:99,0
DA:101,0
DA:102,0
DA:104,0
DA:105,0
DA:107,0
DA:108,0
DA:110,0
DA:111,0
DA:112,0
DA:113,0
DA:114,0
DA:119,1
DA:120,0
DA:121,0
DA:126,1
DA:127,0
DA:128,0
DA:133,1
DA:134,0
DA:135,0
DA:140,1
DA:141,1
DA:142,1
DA:147,1
DA:148,6
DA:149,6
DA:154,1
DA:155,18
DA:156,18
DA:161,1
DA:162,0
DA:163,0
DA:168,1
DA:169,5
DA:170,5
DA:171,5
DA:172,5
DA:173,5
DA:174,5
DA:175,5
DA:176,1
LF:99
LH:55
BRDA:10,0,0,15
BRDA:15,1,0,5
BRDA:22,2,0,2
BRDA:24,3,0,3
BRDA:38,4,0,0
BRDA:18,5,0,7
BRDA:28,6,0,5
BRDA:47,7,0,4
BRDA:54,8,0,1
BRDA:56,9,0,3
BRDA:50,10,0,11
BRDA:51,11,0,29
BRDA:140,12,0,1
BRDA:147,13,0,6
BRDA:154,14,0,18
BRDA:168,15,0,5
BRDA:169,16,0,5
BRDA:171,17,0,5
BRF:18
BRH:17
end_of_record
TN:
SF:src/infrastructure/tauri/tauriCommands.ts
FN:1,(empty-report)
FNF:1
FNH:0
FNDA:0,(empty-report)
DA:1,0
DA:2,0
DA:12,0
DA:16,0
DA:17,0
DA:19,0
DA:21,0
DA:22,0
DA:23,0
DA:26,0
DA:27,0
DA:28,0
DA:29,0
DA:30,0
DA:31,0
DA:32,0
DA:33,0
DA:34,0
DA:39,0
DA:40,0
DA:41,0
DA:42,0
DA:43,0
DA:44,0
DA:45,0
DA:46,0
DA:47,0
DA:52,0
DA:53,0
DA:55,0
DA:56,0
DA:57,0
DA:58,0
DA:59,0
DA:60,0
DA:61,0
DA:62,0
DA:63,0
DA:64,0
DA:66,0
DA:67,0
DA:68,0
DA:69,0
DA:70,0
DA:71,0
DA:72,0
DA:73,0
DA:74,0
DA:79,0
DA:80,0
DA:81,0
DA:82,0
DA:83,0
DA:84,0
DA:85,0
DA:86,0
DA:87,0
DA:92,0
DA:93,0
DA:94,0
DA:95,0
DA:96,0
DA:97,0
DA:98,0
DA:99,0
DA:100,0
DA:101,0
DA:104,0
LF:68
LH:0
BRDA:1,0,0,0
BRF:1
BRH:0
end_of_record
TN:
SF:src/presentation/components/ExampleNewArchitecture.tsx
FN:1,(empty-report)
FNF:1
FNH:1
FNDA:1,(empty-report)
DA:11,0
DA:13,0
DA:14,0
DA:16,0
DA:17,0
DA:18,0
DA:21,0
DA:22,0
DA:23,0
DA:24,0
DA:25,0
DA:28,0
DA:29,0
DA:30,0
DA:31,0
DA:32,0
DA:35,0
DA:36,0
DA:37,0
DA:39,0
DA:40,0
DA:41,0
DA:44,0
DA:45,0
DA:46,0
DA:47,0
DA:48,0
DA:49,0
DA:50,0
DA:51,0
DA:52,0
DA:53,0
DA:56,0
DA:57,0
DA:58,0
DA:59,0
DA:60,0
DA:61,0
DA:63,0
DA:64,0
DA:65,0
DA:66,0
DA:67,0
DA:69,0
DA:70,0
DA:71,0
DA:72,0
DA:73,0
DA:75,0
DA:76,0
DA:77,0
DA:80,0
DA:81,0
DA:83,0
DA:84,0
DA:85,0
DA:86,0
DA:87,0
DA:89,0
DA:90,0
DA:92,0
DA:93,0
DA:94,0
DA:95,0
DA:96,0
DA:97,0
DA:98,0
DA:100,0
DA:101,0
DA:102,0
DA:103,0
DA:105,0
DA:106,0
DA:107,0
DA:110,0
DA:111,0
DA:112,0
DA:113,0
DA:114,0
DA:115,0
DA:116,0
DA:117,0
DA:118,0
DA:119,0
DA:121,0
DA:122,0
DA:123,0
DA:124,0
DA:125,0
DA:126,0
DA:127,0
DA:128,0
DA:129,0
DA:130,0
DA:132,0
DA:134,0
DA:135,0
DA:136,0
DA:137,0
DA:138,0
DA:139,0
DA:141,0
DA:143,0
DA:144,0
DA:145,0
DA:146,0
DA:148,0
DA:149,0
DA:150,0
DA:151,0
DA:152,0
DA:153,0
DA:155,0
DA:156,0
DA:157,0
DA:158,0
DA:160,0
DA:162,0
DA:164,0
LF:119
LH:0
BRDA:1,0,0,1
BRF:1
BRH:1
end_of_record
TN:
SF:src/presentation/hooks/useImageManagement.ts
FN:11,useImageManagement
FNF:1
FNH:1
FNDA:8,useImageManagement
DA:1,1
DA:3,1
DA:4,1
DA:5,1
DA:6,1
DA:11,1
DA:13,8
DA:14,8
DA:15,8
DA:16,5
DA:17,8
DA:20,8
DA:21,5
DA:22,5
DA:23,5
DA:24,8
DA:27,8
DA:28,6
DA:29,8
DA:30,8
DA:32,8
DA:33,6
DA:34,8
DA:35,8
DA:37,8
DA:38,6
DA:39,8
DA:40,8
DA:42,8
DA:43,6
DA:44,8
DA:45,8
DA:47,8
DA:48,8
DA:49,8
DA:52,8
DA:53,0
DA:54,0
DA:55,0
DA:56,0
DA:57,0
DA:59,0
DA:60,0
DA:61,0
DA:62,0
DA:63,0
DA:64,0
DA:65,0
DA:66,8
DA:68,8
DA:69,0
DA:70,0
DA:71,0
DA:72,0
DA:73,0
DA:75,0
DA:76,0
DA:77,0
DA:78,0
DA:79,0
DA:80,0
DA:81,0
DA:82,8
DA:84,8
DA:85,0
DA:87,0
DA:89,0
DA:90,0
DA:91,0
DA:93,0
DA:94,0
DA:95,0
DA:96,0
DA:97,0
DA:98,0
DA:101,0
DA:102,0
DA:103,0
DA:104,0
DA:105,0
DA:106,0
DA:109,0
DA:110,0
DA:111,0
DA:112,0
DA:113,0
DA:114,0
DA:117,0
DA:118,0
DA:119,0
DA:120,0
DA:121,0
DA:122,0
DA:123,0
DA:124,0
DA:125,0
DA:127,0
DA:128,0
DA:132,0
DA:133,0
DA:134,0
DA:135,0
DA:136,0
DA:137,8
DA:139,8
DA:140,0
DA:141,0
DA:142,0
DA:143,0
DA:145,0
DA:146,0
DA:148,0
DA:149,8
DA:151,8
DA:152,0
DA:153,0
DA:154,0
DA:155,0
DA:157,0
DA:158,0
DA:160,0
DA:161,8
DA:163,8
DA:164,0
DA:165,0
DA:166,0
DA:167,8
DA:169,8
DA:170,1
DA:171,1
DA:172,1
DA:173,8
DA:176,8
DA:177,0
DA:178,8
DA:180,8
DA:181,1
DA:182,8
DA:184,8
DA:185,1
DA:186,8
DA:188,8
DA:189,0
DA:190,8
DA:192,8
DA:194,8
DA:195,8
DA:196,8
DA:199,8
DA:200,8
DA:201,8
DA:202,8
DA:203,8
DA:204,8
DA:205,8
DA:208,8
DA:209,8
DA:210,8
DA:211,8
DA:212,8
DA:213,8
DA:214,8
DA:217,8
DA:218,8
DA:219,8
DA:220,8
DA:221,8
DA:222,8
LF:168
LH:86
BRDA:11,0,0,8
BRDA:15,1,0,5
BRDA:20,2,0,5
BRDA:27,3,0,6
BRDA:32,4,0,6
BRDA:37,5,0,6
BRDA:42,6,0,6
BRDA:169,7,0,1
BRDA:180,8,0,1
BRDA:181,9,0,1
BRDA:184,10,0,1
BRDA:185,11,0,1
BRF:12
BRH:12
end_of_record
TN:
SF:src/types/image.ts
FN:1,(empty-report)
FNF:1
FNH:1
FNDA:1,(empty-report)
DA:4,0
LF:1
LH:0
BRDA:1,0,0,1
BRF:1
BRH:1
end_of_record
TN:
SF:src/utils/tauri.ts
FN:1,(empty-report)
FNF:1
FNH:0
FNDA:0,(empty-report)
DA:1,0
DA:32,0
DA:33,0
DA:34,0
DA:35,0
DA:36,0
DA:37,0
DA:38,0
DA:39,0
DA:40,0
DA:41,0
DA:42,0
DA:47,0
DA:48,0
DA:49,0
DA:50,0
DA:51,0
DA:52,0
DA:53,0
DA:54,0
DA:55,0
DA:56,0
DA:57,0
DA:58,0
DA:59,0
DA:61,0
DA:62,0
DA:63,0
DA:64,0
DA:65,0
DA:66,0
DA:71,0
DA:72,0
DA:74,0
DA:75,0
DA:76,0
DA:77,0
DA:78,0
DA:79,0
DA:80,0
DA:81,0
DA:82,0
DA:83,0
DA:85,0
DA:86,0
DA:87,0
DA:88,0
DA:89,0
DA:90,0
DA:91,0
DA:92,0
DA:97,0
DA:98,0
DA:99,0
DA:100,0
DA:101,0
DA:102,0
DA:103,0
DA:104,0
DA:105,0
DA:110,0
DA:111,0
DA:112,0
DA:113,0
DA:114,0
DA:115,0
DA:116,0
DA:117,0
DA:118,0
DA:123,0
DA:124,0
DA:125,0
DA:126,0
DA:127,0
DA:128,0
DA:129,0
DA:130,0
DA:131,0
LF:78
LH:0
BRDA:1,0,0,0
BRF:1
BRH:0
end_of_record
